app/manifest-merger-release-report.txt
-- Merging decision tree log ---
manifest
ADDED from AndroidManifest.xml:1:1
	package
		ADDED from AndroidManifest.xml:2:5
		INJECTED from AndroidManifest.xml:0:0
		INJECTED from AndroidManifest.xml:0:0
	android:versionName
		INJECTED from AndroidManifest.xml:0:0
		INJECTED from AndroidManifest.xml:0:0
	xmlns:android
		ADDED from AndroidManifest.xml:1:11
	android:versionCode
		INJECTED from AndroidManifest.xml:0:0
		INJECTED from AndroidManifest.xml:0:0
uses-feature#android.hardware.sensor.accelerometer
ADDED from AndroidManifest.xml:3:5
	android:required
		ADDED from AndroidManifest.xml:3:72
	android:name
		ADDED from AndroidManifest.xml:3:19
uses-permission#android.permission.ACCESS_FINE_LOCATION
ADDED from AndroidManifest.xml:4:5
	android:name
		ADDED from AndroidManifest.xml:4:22
uses-permission#android.permission.INTERNET
ADDED from AndroidManifest.xml:5:5
	android:name
		ADDED from AndroidManifest.xml:5:22
uses-permission#android.permission.WRITE_EXTERNAL_STORAGE
ADDED from AndroidManifest.xml:6:5
	android:name
		ADDED from AndroidManifest.xml:6:22
application
ADDED from AndroidManifest.xml:8:5
MERGED from com.android.support:appcompat-v7:21.0.3:16:5
MERGED from com.android.support:support-v4:21.0.3:16:5
MERGED from com.google.android.gms:play-services:6.5.87:20:5
MERGED from com.android.support:support-v4:21.0.3:16:5
MERGED from com.android.support:cardview-v7:21.0.3:16:5
MERGED from com.android.support:recyclerview-v7:21.0.3:17:5
MERGED from com.android.support:support-v4:21.0.3:16:5
	android:label
		ADDED from AndroidManifest.xml:8:45
	android:allowBackup
		ADDED from AndroidManifest.xml:8:18
	android:icon
		ADDED from AndroidManifest.xml:9:9
	android:theme
		ADDED from AndroidManifest.xml:9:46
meta-data#com.google.android.gms.version
ADDED from AndroidManifest.xml:10:9
MERGED from com.google.android.gms:play-services:6.5.87:21:9
	android:value
		ADDED from AndroidManifest.xml:12:13
	android:name
		ADDED from AndroidManifest.xml:11:13
activity#de.artmedia.artyom.hobby360.HomeScreen
ADDED from AndroidManifest.xml:13:9
	android:name
		ADDED from AndroidManifest.xml:13:19
intent-filter#android.intent.action.MAIN+android.intent.category.LAUNCHER
ADDED from AndroidManifest.xml:14:13
action#android.intent.action.MAIN
ADDED from AndroidManifest.xml:15:17
	android:name
		ADDED from AndroidManifest.xml:15:25
category#android.intent.category.LAUNCHER
ADDED from AndroidManifest.xml:16:17
	android:name
		ADDED from AndroidManifest.xml:16:27
activity#de.artmedia.artyom.hobby360.Kastenwagen
ADDED from AndroidManifest.xml:19:9
	android:screenOrientation
		ADDED from AndroidManifest.xml:19:47
	android:name
		ADDED from AndroidManifest.xml:19:19
activity#de.artmedia.artyom.hobby360.ReisemobileBaureihe
ADDED from AndroidManifest.xml:20:9
	android:screenOrientation
		ADDED from AndroidManifest.xml:20:55
	android:name
		ADDED from AndroidManifest.xml:20:19
activity#de.artmedia.artyom.hobby360.CaravansBaureihe
ADDED from AndroidManifest.xml:21:9
	android:screenOrientation
		ADDED from AndroidManifest.xml:21:52
	android:name
		ADDED from AndroidManifest.xml:21:19
activity#de.artmedia.artyom.hobby360.Panoviewer
ADDED from AndroidManifest.xml:22:9
	android:screenOrientation
		ADDED from AndroidManifest.xml:22:46
	android:name
		ADDED from AndroidManifest.xml:22:19
intent-filter#android.intent.category.DEFAULT+panoviewer
ADDED from AndroidManifest.xml:23:13
action#panoviewer
ADDED from AndroidManifest.xml:24:17
	android:name
		ADDED from AndroidManifest.xml:24:25
category#android.intent.category.DEFAULT
ADDED from AndroidManifest.xml:25:17
	android:name
		ADDED from AndroidManifest.xml:25:27
activity#de.artmedia.artyom.hobby360.r_baureihen.siesta
ADDED from AndroidManifest.xml:28:9
	android:screenOrientation
		ADDED from AndroidManifest.xml:28:54
	android:name
		ADDED from AndroidManifest.xml:28:19
activity#de.artmedia.artyom.hobby360.r_baureihen.s_alkoven
ADDED from AndroidManifest.xml:29:9
	android:screenOrientation
		ADDED from AndroidManifest.xml:29:57
	android:name
		ADDED from AndroidManifest.xml:29:19
activity#de.artmedia.artyom.hobby360.r_baureihen.s_edition
ADDED from AndroidManifest.xml:30:9
	android:screenOrientation
		ADDED from AndroidManifest.xml:30:57
	android:name
		ADDED from AndroidManifest.xml:30:19
activity#de.artmedia.artyom.hobby360.r_baureihen.optima
ADDED from AndroidManifest.xml:31:9
	android:screenOrientation
		ADDED from AndroidManifest.xml:31:54
	android:name
		ADDED from AndroidManifest.xml:31:19
activity#de.artmedia.artyom.hobby360.r_baureihen.premium
ADDED from AndroidManifest.xml:32:9
	android:screenOrientation
		ADDED from AndroidManifest.xml:32:55
	android:name
		ADDED from AndroidManifest.xml:32:19
activity#de.artmedia.artyom.hobby360.c_baureihen.ontour
ADDED from AndroidManifest.xml:34:9
	android:screenOrientation
		ADDED from AndroidManifest.xml:34:54
	android:name
		ADDED from AndroidManifest.xml:34:19
activity#de.artmedia.artyom.hobby360.c_baureihen.deluxe
ADDED from AndroidManifest.xml:35:9
	android:screenOrientation
		ADDED from AndroidManifest.xml:35:54
	android:name
		ADDED from AndroidManifest.xml:35:19
activity#de.artmedia.artyom.hobby360.c_baureihen.excellent
ADDED from AndroidManifest.xml:36:9
	android:screenOrientation
		ADDED from AndroidManifest.xml:36:57
	android:name
		ADDED from AndroidManifest.xml:36:19
activity#de.artmedia.artyom.hobby360.c_baureihen.prestige
ADDED from AndroidManifest.xml:37:9
	android:screenOrientation
		ADDED from AndroidManifest.xml:37:56
	android:name
		ADDED from AndroidManifest.xml:37:19
activity#de.artmedia.artyom.hobby360.c_baureihen.c_premium
ADDED from AndroidManifest.xml:38:9
	android:screenOrientation
		ADDED from AndroidManifest.xml:38:57
	android:name
		ADDED from AndroidManifest.xml:38:19
activity#de.artmedia.artyom.hobby360.c_baureihen.landhaus
ADDED from AndroidManifest.xml:39:9
	android:screenOrientation
		ADDED from AndroidManifest.xml:39:56
	android:name
		ADDED from AndroidManifest.xml:39:19
activity#de.artmedia.artyom.hobby360.FindHobby
ADDED from AndroidManifest.xml:41:9
	android:screenOrientation
		ADDED from AndroidManifest.xml:41:45
	android:name
		ADDED from AndroidManifest.xml:41:19
uses-sdk
INJECTED from AndroidManifest.xml:0:0 reason: use-sdk injection requested
MERGED from com.android.support:appcompat-v7:21.0.3:15:5
MERGED from com.android.support:support-v4:21.0.3:15:5
MERGED from com.google.android.gms:play-services:6.5.87:18:5
MERGED from com.android.support:support-v4:21.0.3:15:5
MERGED from com.android.support:cardview-v7:21.0.3:15:5
MERGED from com.android.support:recyclerview-v7:21.0.3:15:5
MERGED from com.android.support:support-v4:21.0.3:15:5
	android:targetSdkVersion
		INJECTED from AndroidManifest.xml:0:0
		INJECTED from AndroidManifest.xml:0:0
	android:minSdkVersion
		INJECTED from AndroidManifest.xml:0:0
		INJECTED from AndroidManifest.xml:0:0
activity#android.support.v7.widget.TestActivity
ADDED from com.android.support:recyclerview-v7:21.0.3:18:9
	android:label
		ADDED from com.android.support:recyclerview-v7:21.0.3:18:19
	android:name
		ADDED from com.android.support:recyclerview-v7:21.0.3:18:60